{"uid":"1bcd28d10adc04a7","name":"Verify whether quantity is added to the parent route qty.","historyId":"86860675268a2b01f9f00e7b93454478","time":{"start":1732792908194,"stop":1732792916661,"duration":8467},"status":"failed","statusMessage":"AssertionError: Transaction Failed expected 300 to equal 324","statusTrace":"AssertionError: Transaction Failed expected 300 to equal 324\n    at World.<anonymous> (file:///C:/Users/dccpl/source/wdio-e2e/wdio-cucumber-e2e-test-master/test/features/step-definitions/associate.ts:144:15)\n    at processTicksAndRejections (node:internal/process/task_queues:95:5)\n    at async wrapPromiseWithTimeout (C:\\Users\\dccpl\\source\\wdio-e2e\\wdio-cucumber-e2e-test-master\\node_modules\\@cucumber\\cucumber\\src\\time.ts:55:10)\n    at async Object.run (C:\\Users\\dccpl\\source\\wdio-e2e\\wdio-cucumber-e2e-test-master\\node_modules\\@cucumber\\cucumber\\src\\user_code_runner.ts:86:16)\n    at async Object.run (C:\\Users\\dccpl\\source\\wdio-e2e\\wdio-cucumber-e2e-test-master\\node_modules\\@cucumber\\cucumber\\src\\runtime\\step_runner.ts:50:20)\n    at async TestCaseRunner.invokeStep (C:\\Users\\dccpl\\source\\wdio-e2e\\wdio-cucumber-e2e-test-master\\node_modules\\@cucumber\\cucumber\\src\\runtime\\test_case_runner.ts:137:12)\n    at async TestCaseRunner.runStep (C:\\Users\\dccpl\\source\\wdio-e2e\\wdio-cucumber-e2e-test-master\\node_modules\\@cucumber\\cucumber\\src\\runtime\\test_case_runner.ts:334:20)\n    at async C:\\Users\\dccpl\\source\\wdio-e2e\\wdio-cucumber-e2e-test-master\\node_modules\\@cucumber\\cucumber\\src\\runtime\\test_case_runner.ts:240:34\n    at async TestCaseRunner.aroundTestStep (C:\\Users\\dccpl\\source\\wdio-e2e\\wdio-cucumber-e2e-test-master\\node_modules\\@cucumber\\cucumber\\src\\runtime\\test_case_runner.ts:170:28)\n    at async TestCaseRunner.runAttempt (C:\\Users\\dccpl\\source\\wdio-e2e\\wdio-cucumber-e2e-test-master\\node_modules\\@cucumber\\cucumber\\src\\runtime\\test_case_runner.ts:218:7)\n    at async TestCaseRunner.run (C:\\Users\\dccpl\\source\\wdio-e2e\\wdio-cucumber-e2e-test-master\\node_modules\\@cucumber\\cucumber\\src\\runtime\\test_case_runner.ts:188:29)\n    at async Runtime.runTestCase (C:\\Users\\dccpl\\source\\wdio-e2e\\wdio-cucumber-e2e-test-master\\node_modules\\@cucumber\\cucumber\\src\\runtime\\index.ts:89:20)\n    at async Runtime.start (C:\\Users\\dccpl\\source\\wdio-e2e\\wdio-cucumber-e2e-test-master\\node_modules\\@cucumber\\cucumber\\src\\runtime\\index.ts:116:7)\n    at async runCucumber (C:\\Users\\dccpl\\source\\wdio-e2e\\wdio-cucumber-e2e-test-master\\node_modules\\@cucumber\\cucumber\\src\\api\\run_cucumber.ts:125:19)\n    at async CucumberAdapter.run (file:///C:/Users/dccpl/source/wdio-e2e/wdio-cucumber-e2e-test-master/node_modules/@wdio/cucumber-framework/build/index.js:188:33)\n    at async Runner.run (file:///C:/Users/dccpl/source/wdio-e2e/wdio-cucumber-e2e-test-master/node_modules/@wdio/runner/build/index.js:157:24)","flaky":false,"newFailed":false,"newBroken":false,"newPassed":false,"retriesCount":0,"retriesStatusChange":false,"beforeStages":[],"testStage":{"status":"failed","statusMessage":"AssertionError: Transaction Failed expected 300 to equal 324","statusTrace":"AssertionError: Transaction Failed expected 300 to equal 324\n    at World.<anonymous> (file:///C:/Users/dccpl/source/wdio-e2e/wdio-cucumber-e2e-test-master/test/features/step-definitions/associate.ts:144:15)\n    at processTicksAndRejections (node:internal/process/task_queues:95:5)\n    at async wrapPromiseWithTimeout (C:\\Users\\dccpl\\source\\wdio-e2e\\wdio-cucumber-e2e-test-master\\node_modules\\@cucumber\\cucumber\\src\\time.ts:55:10)\n    at async Object.run (C:\\Users\\dccpl\\source\\wdio-e2e\\wdio-cucumber-e2e-test-master\\node_modules\\@cucumber\\cucumber\\src\\user_code_runner.ts:86:16)\n    at async Object.run (C:\\Users\\dccpl\\source\\wdio-e2e\\wdio-cucumber-e2e-test-master\\node_modules\\@cucumber\\cucumber\\src\\runtime\\step_runner.ts:50:20)\n    at async TestCaseRunner.invokeStep (C:\\Users\\dccpl\\source\\wdio-e2e\\wdio-cucumber-e2e-test-master\\node_modules\\@cucumber\\cucumber\\src\\runtime\\test_case_runner.ts:137:12)\n    at async TestCaseRunner.runStep (C:\\Users\\dccpl\\source\\wdio-e2e\\wdio-cucumber-e2e-test-master\\node_modules\\@cucumber\\cucumber\\src\\runtime\\test_case_runner.ts:334:20)\n    at async C:\\Users\\dccpl\\source\\wdio-e2e\\wdio-cucumber-e2e-test-master\\node_modules\\@cucumber\\cucumber\\src\\runtime\\test_case_runner.ts:240:34\n    at async TestCaseRunner.aroundTestStep (C:\\Users\\dccpl\\source\\wdio-e2e\\wdio-cucumber-e2e-test-master\\node_modules\\@cucumber\\cucumber\\src\\runtime\\test_case_runner.ts:170:28)\n    at async TestCaseRunner.runAttempt (C:\\Users\\dccpl\\source\\wdio-e2e\\wdio-cucumber-e2e-test-master\\node_modules\\@cucumber\\cucumber\\src\\runtime\\test_case_runner.ts:218:7)\n    at async TestCaseRunner.run (C:\\Users\\dccpl\\source\\wdio-e2e\\wdio-cucumber-e2e-test-master\\node_modules\\@cucumber\\cucumber\\src\\runtime\\test_case_runner.ts:188:29)\n    at async Runtime.runTestCase (C:\\Users\\dccpl\\source\\wdio-e2e\\wdio-cucumber-e2e-test-master\\node_modules\\@cucumber\\cucumber\\src\\runtime\\index.ts:89:20)\n    at async Runtime.start (C:\\Users\\dccpl\\source\\wdio-e2e\\wdio-cucumber-e2e-test-master\\node_modules\\@cucumber\\cucumber\\src\\runtime\\index.ts:116:7)\n    at async runCucumber (C:\\Users\\dccpl\\source\\wdio-e2e\\wdio-cucumber-e2e-test-master\\node_modules\\@cucumber\\cucumber\\src\\api\\run_cucumber.ts:125:19)\n    at async CucumberAdapter.run (file:///C:/Users/dccpl/source/wdio-e2e/wdio-cucumber-e2e-test-master/node_modules/@wdio/cucumber-framework/build/index.js:188:33)\n    at async Runner.run (file:///C:/Users/dccpl/source/wdio-e2e/wdio-cucumber-e2e-test-master/node_modules/@wdio/runner/build/index.js:157:24)","steps":[{"name":"Given Go to Associate transaction screen.","time":{"start":1732792908195,"stop":1732792909913,"duration":1718},"status":"passed","steps":[],"attachments":[],"parameters":[],"shouldDisplayMessage":false,"attachmentsCount":0,"stepsCount":0,"attachmentStep":false,"hasContent":false},{"name":"When Scan the RMSV111 for details in the Associate Transaction.","time":{"start":1732792909913,"stop":1732792913794,"duration":3881},"status":"passed","steps":[],"attachments":[],"parameters":[],"shouldDisplayMessage":false,"attachmentsCount":0,"stepsCount":0,"attachmentStep":false,"hasContent":false},{"name":"When Click on the checkbox for the multiple elgible TEST_01.","time":{"start":1732792913794,"stop":1732792914565,"duration":771},"status":"passed","steps":[],"attachments":[],"parameters":[],"shouldDisplayMessage":false,"attachmentsCount":0,"stepsCount":0,"attachmentStep":false,"hasContent":false},{"name":"When Click on the submit button in the Associate Transaction.","time":{"start":1732792914565,"stop":1732792914802,"duration":237},"status":"passed","steps":[],"attachments":[],"parameters":[],"shouldDisplayMessage":false,"attachmentsCount":0,"stepsCount":0,"attachmentStep":false,"hasContent":false},{"name":"Then \"Associated successfully\" should confirm the Associate transaction.","time":{"start":1732792914802,"stop":1732792915300,"duration":498},"status":"passed","steps":[],"attachments":[],"parameters":[],"shouldDisplayMessage":false,"attachmentsCount":0,"stepsCount":0,"attachmentStep":false,"hasContent":false},{"name":"When Enter the parent RMSV111 in Associate screen.","time":{"start":1732792915300,"stop":1732792916233,"duration":933},"status":"passed","steps":[],"attachments":[],"parameters":[],"shouldDisplayMessage":false,"attachmentsCount":0,"stepsCount":0,"attachmentStep":false,"hasContent":false},{"name":"Then The Parent Qty should match with the combined qty of child TEST_01.","time":{"start":1732792916233,"stop":1732792916660,"duration":427},"status":"failed","statusMessage":"AssertionError: Transaction Failed expected 300 to equal 324","statusTrace":"AssertionError: Transaction Failed expected 300 to equal 324\n    at World.<anonymous> (file:///C:/Users/dccpl/source/wdio-e2e/wdio-cucumber-e2e-test-master/test/features/step-definitions/associate.ts:144:15)\n    at processTicksAndRejections (node:internal/process/task_queues:95:5)\n    at async wrapPromiseWithTimeout (C:\\Users\\dccpl\\source\\wdio-e2e\\wdio-cucumber-e2e-test-master\\node_modules\\@cucumber\\cucumber\\src\\time.ts:55:10)\n    at async Object.run (C:\\Users\\dccpl\\source\\wdio-e2e\\wdio-cucumber-e2e-test-master\\node_modules\\@cucumber\\cucumber\\src\\user_code_runner.ts:86:16)\n    at async Object.run (C:\\Users\\dccpl\\source\\wdio-e2e\\wdio-cucumber-e2e-test-master\\node_modules\\@cucumber\\cucumber\\src\\runtime\\step_runner.ts:50:20)\n    at async TestCaseRunner.invokeStep (C:\\Users\\dccpl\\source\\wdio-e2e\\wdio-cucumber-e2e-test-master\\node_modules\\@cucumber\\cucumber\\src\\runtime\\test_case_runner.ts:137:12)\n    at async TestCaseRunner.runStep (C:\\Users\\dccpl\\source\\wdio-e2e\\wdio-cucumber-e2e-test-master\\node_modules\\@cucumber\\cucumber\\src\\runtime\\test_case_runner.ts:334:20)\n    at async C:\\Users\\dccpl\\source\\wdio-e2e\\wdio-cucumber-e2e-test-master\\node_modules\\@cucumber\\cucumber\\src\\runtime\\test_case_runner.ts:240:34\n    at async TestCaseRunner.aroundTestStep (C:\\Users\\dccpl\\source\\wdio-e2e\\wdio-cucumber-e2e-test-master\\node_modules\\@cucumber\\cucumber\\src\\runtime\\test_case_runner.ts:170:28)\n    at async TestCaseRunner.runAttempt (C:\\Users\\dccpl\\source\\wdio-e2e\\wdio-cucumber-e2e-test-master\\node_modules\\@cucumber\\cucumber\\src\\runtime\\test_case_runner.ts:218:7)\n    at async TestCaseRunner.run (C:\\Users\\dccpl\\source\\wdio-e2e\\wdio-cucumber-e2e-test-master\\node_modules\\@cucumber\\cucumber\\src\\runtime\\test_case_runner.ts:188:29)\n    at async Runtime.runTestCase (C:\\Users\\dccpl\\source\\wdio-e2e\\wdio-cucumber-e2e-test-master\\node_modules\\@cucumber\\cucumber\\src\\runtime\\index.ts:89:20)\n    at async Runtime.start (C:\\Users\\dccpl\\source\\wdio-e2e\\wdio-cucumber-e2e-test-master\\node_modules\\@cucumber\\cucumber\\src\\runtime\\index.ts:116:7)\n    at async runCucumber (C:\\Users\\dccpl\\source\\wdio-e2e\\wdio-cucumber-e2e-test-master\\node_modules\\@cucumber\\cucumber\\src\\api\\run_cucumber.ts:125:19)\n    at async CucumberAdapter.run (file:///C:/Users/dccpl/source/wdio-e2e/wdio-cucumber-e2e-test-master/node_modules/@wdio/cucumber-framework/build/index.js:188:33)\n    at async Runner.run (file:///C:/Users/dccpl/source/wdio-e2e/wdio-cucumber-e2e-test-master/node_modules/@wdio/runner/build/index.js:157:24)","steps":[],"attachments":[{"uid":"e37ca1a678c3db77","name":"Screenshot","source":"e37ca1a678c3db77.png","type":"image/png","size":53507}],"parameters":[],"shouldDisplayMessage":true,"attachmentsCount":1,"stepsCount":0,"attachmentStep":false,"hasContent":true}],"attachments":[],"parameters":[],"shouldDisplayMessage":false,"attachmentsCount":1,"stepsCount":7,"attachmentStep":false,"hasContent":true},"afterStages":[],"labels":[{"name":"language","value":"javascript"},{"name":"framework","value":"wdio"},{"name":"package","value":"C:.Users.dccpl.source.wdio-e2e.wdio-cucumber-e2e-test-master.test.features.demo.Associate.feature"},{"name":"thread","value":"0-0"},{"name":"suite","value":"Associate Transaction"},{"name":"feature","value":"Associate Transaction"},{"name":"resultFormat","value":"allure2"}],"parameters":[{"name":"browser","value":"chrome-131.0.6778.86"}],"links":[],"hidden":false,"retry":false,"extra":{"severity":"normal","retries":[],"categories":[{"name":"Product defects","matchedStatuses":[],"flaky":false}],"tags":[]},"source":"1bcd28d10adc04a7.json","parameterValues":["chrome-131.0.6778.86"]}