{"uid":"3a5518f9f4552254","name":"Run Move Transaction","historyId":"4dfdecceb97205ca5fe6438f44a268c1","time":{"start":1713261933715,"stop":1713261965506,"duration":31791},"status":"failed","statusMessage":"AssertionError: Transaction Failed Can't call getText on element with selector \"//*[contains(text(), 'moved to')]\" because element wasn't found","statusTrace":"AssertionError: Transaction Failed Can't call getText on element with selector \"//*[contains(text(), 'moved to')]\" because element wasn't found\n    at World.<anonymous> (file:///C:/Users/dccpl/source/wdio-e2e/wdio-cucumber-e2e-test-master/test/features/step-definitions/hold.ts:63:15)\n    at async wrapPromiseWithTimeout (C:\\Users\\dccpl\\source\\wdio-e2e\\wdio-cucumber-e2e-test-master\\node_modules\\@cucumber\\cucumber\\src\\time.ts:55:10)\n    at async Object.run (C:\\Users\\dccpl\\source\\wdio-e2e\\wdio-cucumber-e2e-test-master\\node_modules\\@cucumber\\cucumber\\src\\user_code_runner.ts:86:16)\n    at async Object.run (C:\\Users\\dccpl\\source\\wdio-e2e\\wdio-cucumber-e2e-test-master\\node_modules\\@cucumber\\cucumber\\src\\runtime\\step_runner.ts:50:20)\n    at async TestCaseRunner.invokeStep (C:\\Users\\dccpl\\source\\wdio-e2e\\wdio-cucumber-e2e-test-master\\node_modules\\@cucumber\\cucumber\\src\\runtime\\test_case_runner.ts:137:12)\n    at async TestCaseRunner.runStep (C:\\Users\\dccpl\\source\\wdio-e2e\\wdio-cucumber-e2e-test-master\\node_modules\\@cucumber\\cucumber\\src\\runtime\\test_case_runner.ts:334:20)\n    at async C:\\Users\\dccpl\\source\\wdio-e2e\\wdio-cucumber-e2e-test-master\\node_modules\\@cucumber\\cucumber\\src\\runtime\\test_case_runner.ts:240:34\n    at async TestCaseRunner.aroundTestStep (C:\\Users\\dccpl\\source\\wdio-e2e\\wdio-cucumber-e2e-test-master\\node_modules\\@cucumber\\cucumber\\src\\runtime\\test_case_runner.ts:170:28)\n    at async TestCaseRunner.runAttempt (C:\\Users\\dccpl\\source\\wdio-e2e\\wdio-cucumber-e2e-test-master\\node_modules\\@cucumber\\cucumber\\src\\runtime\\test_case_runner.ts:218:7)\n    at async TestCaseRunner.run (C:\\Users\\dccpl\\source\\wdio-e2e\\wdio-cucumber-e2e-test-master\\node_modules\\@cucumber\\cucumber\\src\\runtime\\test_case_runner.ts:188:29)\n    at async Runtime.runTestCase (C:\\Users\\dccpl\\source\\wdio-e2e\\wdio-cucumber-e2e-test-master\\node_modules\\@cucumber\\cucumber\\src\\runtime\\index.ts:89:20)\n    at async Runtime.start (C:\\Users\\dccpl\\source\\wdio-e2e\\wdio-cucumber-e2e-test-master\\node_modules\\@cucumber\\cucumber\\src\\runtime\\index.ts:116:7)\n    at async runCucumber (C:\\Users\\dccpl\\source\\wdio-e2e\\wdio-cucumber-e2e-test-master\\node_modules\\@cucumber\\cucumber\\src\\api\\run_cucumber.ts:125:19)\n    at async CucumberAdapter.run (file:///C:/Users/dccpl/source/wdio-e2e/wdio-cucumber-e2e-test-master/node_modules/@wdio/cucumber-framework/build/index.js:188:33)\n    at async Runner.run (file:///C:/Users/dccpl/source/wdio-e2e/wdio-cucumber-e2e-test-master/node_modules/@wdio/runner/build/index.js:157:24)","flaky":false,"newFailed":false,"newBroken":false,"newPassed":false,"retriesCount":0,"retriesStatusChange":false,"beforeStages":[],"testStage":{"status":"failed","statusMessage":"AssertionError: Transaction Failed Can't call getText on element with selector \"//*[contains(text(), 'moved to')]\" because element wasn't found","statusTrace":"AssertionError: Transaction Failed Can't call getText on element with selector \"//*[contains(text(), 'moved to')]\" because element wasn't found\n    at World.<anonymous> (file:///C:/Users/dccpl/source/wdio-e2e/wdio-cucumber-e2e-test-master/test/features/step-definitions/hold.ts:63:15)\n    at async wrapPromiseWithTimeout (C:\\Users\\dccpl\\source\\wdio-e2e\\wdio-cucumber-e2e-test-master\\node_modules\\@cucumber\\cucumber\\src\\time.ts:55:10)\n    at async Object.run (C:\\Users\\dccpl\\source\\wdio-e2e\\wdio-cucumber-e2e-test-master\\node_modules\\@cucumber\\cucumber\\src\\user_code_runner.ts:86:16)\n    at async Object.run (C:\\Users\\dccpl\\source\\wdio-e2e\\wdio-cucumber-e2e-test-master\\node_modules\\@cucumber\\cucumber\\src\\runtime\\step_runner.ts:50:20)\n    at async TestCaseRunner.invokeStep (C:\\Users\\dccpl\\source\\wdio-e2e\\wdio-cucumber-e2e-test-master\\node_modules\\@cucumber\\cucumber\\src\\runtime\\test_case_runner.ts:137:12)\n    at async TestCaseRunner.runStep (C:\\Users\\dccpl\\source\\wdio-e2e\\wdio-cucumber-e2e-test-master\\node_modules\\@cucumber\\cucumber\\src\\runtime\\test_case_runner.ts:334:20)\n    at async C:\\Users\\dccpl\\source\\wdio-e2e\\wdio-cucumber-e2e-test-master\\node_modules\\@cucumber\\cucumber\\src\\runtime\\test_case_runner.ts:240:34\n    at async TestCaseRunner.aroundTestStep (C:\\Users\\dccpl\\source\\wdio-e2e\\wdio-cucumber-e2e-test-master\\node_modules\\@cucumber\\cucumber\\src\\runtime\\test_case_runner.ts:170:28)\n    at async TestCaseRunner.runAttempt (C:\\Users\\dccpl\\source\\wdio-e2e\\wdio-cucumber-e2e-test-master\\node_modules\\@cucumber\\cucumber\\src\\runtime\\test_case_runner.ts:218:7)\n    at async TestCaseRunner.run (C:\\Users\\dccpl\\source\\wdio-e2e\\wdio-cucumber-e2e-test-master\\node_modules\\@cucumber\\cucumber\\src\\runtime\\test_case_runner.ts:188:29)\n    at async Runtime.runTestCase (C:\\Users\\dccpl\\source\\wdio-e2e\\wdio-cucumber-e2e-test-master\\node_modules\\@cucumber\\cucumber\\src\\runtime\\index.ts:89:20)\n    at async Runtime.start (C:\\Users\\dccpl\\source\\wdio-e2e\\wdio-cucumber-e2e-test-master\\node_modules\\@cucumber\\cucumber\\src\\runtime\\index.ts:116:7)\n    at async runCucumber (C:\\Users\\dccpl\\source\\wdio-e2e\\wdio-cucumber-e2e-test-master\\node_modules\\@cucumber\\cucumber\\src\\api\\run_cucumber.ts:125:19)\n    at async CucumberAdapter.run (file:///C:/Users/dccpl/source/wdio-e2e/wdio-cucumber-e2e-test-master/node_modules/@wdio/cucumber-framework/build/index.js:188:33)\n    at async Runner.run (file:///C:/Users/dccpl/source/wdio-e2e/wdio-cucumber-e2e-test-master/node_modules/@wdio/runner/build/index.js:157:24)","steps":[{"name":"Given Go to Move Transaction screen.","time":{"start":1713261942558,"stop":1713261946491,"duration":3933},"status":"passed","steps":[],"attachments":[],"parameters":[],"attachmentStep":false,"stepsCount":0,"attachmentsCount":0,"shouldDisplayMessage":false,"hasContent":false},{"name":"Then Verify that workflow for the ROUTE_6008 is in Binding step of the workflow.","time":{"start":1713261946492,"stop":1713261949852,"duration":3360},"status":"passed","steps":[],"attachments":[],"parameters":[],"attachmentStep":false,"stepsCount":0,"attachmentsCount":0,"shouldDisplayMessage":false,"hasContent":false},{"name":"When Click on the Equipment A for the route.","time":{"start":1713261949852,"stop":1713261950098,"duration":246},"status":"passed","steps":[],"attachments":[],"parameters":[],"attachmentStep":false,"stepsCount":0,"attachmentsCount":0,"shouldDisplayMessage":false,"hasContent":false},{"name":"When Click on submit button.","time":{"start":1713261950098,"stop":1713261950244,"duration":146},"status":"passed","steps":[],"attachments":[],"parameters":[],"attachmentStep":false,"stepsCount":0,"attachmentsCount":0,"shouldDisplayMessage":false,"hasContent":false},{"name":"Then moved to should confirm the transaction.","time":{"start":1713261950244,"stop":1713261965502,"duration":15258},"status":"failed","statusMessage":"AssertionError: Transaction Failed Can't call getText on element with selector \"//*[contains(text(), 'moved to')]\" because element wasn't found","statusTrace":"AssertionError: Transaction Failed Can't call getText on element with selector \"//*[contains(text(), 'moved to')]\" because element wasn't found\n    at World.<anonymous> (file:///C:/Users/dccpl/source/wdio-e2e/wdio-cucumber-e2e-test-master/test/features/step-definitions/hold.ts:63:15)\n    at async wrapPromiseWithTimeout (C:\\Users\\dccpl\\source\\wdio-e2e\\wdio-cucumber-e2e-test-master\\node_modules\\@cucumber\\cucumber\\src\\time.ts:55:10)\n    at async Object.run (C:\\Users\\dccpl\\source\\wdio-e2e\\wdio-cucumber-e2e-test-master\\node_modules\\@cucumber\\cucumber\\src\\user_code_runner.ts:86:16)\n    at async Object.run (C:\\Users\\dccpl\\source\\wdio-e2e\\wdio-cucumber-e2e-test-master\\node_modules\\@cucumber\\cucumber\\src\\runtime\\step_runner.ts:50:20)\n    at async TestCaseRunner.invokeStep (C:\\Users\\dccpl\\source\\wdio-e2e\\wdio-cucumber-e2e-test-master\\node_modules\\@cucumber\\cucumber\\src\\runtime\\test_case_runner.ts:137:12)\n    at async TestCaseRunner.runStep (C:\\Users\\dccpl\\source\\wdio-e2e\\wdio-cucumber-e2e-test-master\\node_modules\\@cucumber\\cucumber\\src\\runtime\\test_case_runner.ts:334:20)\n    at async C:\\Users\\dccpl\\source\\wdio-e2e\\wdio-cucumber-e2e-test-master\\node_modules\\@cucumber\\cucumber\\src\\runtime\\test_case_runner.ts:240:34\n    at async TestCaseRunner.aroundTestStep (C:\\Users\\dccpl\\source\\wdio-e2e\\wdio-cucumber-e2e-test-master\\node_modules\\@cucumber\\cucumber\\src\\runtime\\test_case_runner.ts:170:28)\n    at async TestCaseRunner.runAttempt (C:\\Users\\dccpl\\source\\wdio-e2e\\wdio-cucumber-e2e-test-master\\node_modules\\@cucumber\\cucumber\\src\\runtime\\test_case_runner.ts:218:7)\n    at async TestCaseRunner.run (C:\\Users\\dccpl\\source\\wdio-e2e\\wdio-cucumber-e2e-test-master\\node_modules\\@cucumber\\cucumber\\src\\runtime\\test_case_runner.ts:188:29)\n    at async Runtime.runTestCase (C:\\Users\\dccpl\\source\\wdio-e2e\\wdio-cucumber-e2e-test-master\\node_modules\\@cucumber\\cucumber\\src\\runtime\\index.ts:89:20)\n    at async Runtime.start (C:\\Users\\dccpl\\source\\wdio-e2e\\wdio-cucumber-e2e-test-master\\node_modules\\@cucumber\\cucumber\\src\\runtime\\index.ts:116:7)\n    at async runCucumber (C:\\Users\\dccpl\\source\\wdio-e2e\\wdio-cucumber-e2e-test-master\\node_modules\\@cucumber\\cucumber\\src\\api\\run_cucumber.ts:125:19)\n    at async CucumberAdapter.run (file:///C:/Users/dccpl/source/wdio-e2e/wdio-cucumber-e2e-test-master/node_modules/@wdio/cucumber-framework/build/index.js:188:33)\n    at async Runner.run (file:///C:/Users/dccpl/source/wdio-e2e/wdio-cucumber-e2e-test-master/node_modules/@wdio/runner/build/index.js:157:24)","steps":[],"attachments":[{"uid":"aa75ea2e033e89e3","name":"Screenshot","source":"aa75ea2e033e89e3.png","type":"image/png","size":61062}],"parameters":[],"attachmentStep":false,"stepsCount":0,"attachmentsCount":1,"shouldDisplayMessage":true,"hasContent":true}],"attachments":[],"parameters":[],"attachmentStep":false,"stepsCount":5,"attachmentsCount":1,"shouldDisplayMessage":false,"hasContent":true},"afterStages":[],"labels":[{"name":"language","value":"javascript"},{"name":"framework","value":"wdio"},{"name":"package","value":"C:.Users.dccpl.source.wdio-e2e.wdio-cucumber-e2e-test-master.test.features.demo.Move.feature"},{"name":"thread","value":"0-2"},{"name":"suite","value":"Move Route Card Transaction."},{"name":"feature","value":"Move Route Card Transaction."},{"name":"ALLURE_ID","value":"Test_1713261940423"},{"name":"ALLURE_ID","value":"Test_1713261942558"},{"name":"resultFormat","value":"allure2"}],"parameters":[{"name":"browser","value":"chrome-123.0.6312.123"}],"links":[],"hidden":false,"retry":false,"extra":{"severity":"normal","retries":[],"categories":[{"name":"Product defects","matchedStatuses":[],"flaky":false}],"tags":[]},"source":"3a5518f9f4552254.json","parameterValues":["chrome-123.0.6312.123"]}