{"uid":"988bf07d40c689f2","name":"Component Issue Transaction with Serialized Component Route Card.","historyId":"07c57efb93f02489a8c61a72301cedb9","time":{"start":1732793185768,"stop":1732793192458,"duration":6690},"status":"failed","statusMessage":"AssertionError: Transaction Failed expected 2000 to equal 3000","statusTrace":"AssertionError: Transaction Failed expected 2000 to equal 3000\n    at World.<anonymous> (file:///C:/Users/dccpl/source/wdio-e2e/wdio-cucumber-e2e-test-master/test/features/step-definitions/componentIssue.ts:133:15)\n    at processTicksAndRejections (node:internal/process/task_queues:95:5)\n    at async wrapPromiseWithTimeout (C:\\Users\\dccpl\\source\\wdio-e2e\\wdio-cucumber-e2e-test-master\\node_modules\\@cucumber\\cucumber\\src\\time.ts:55:10)\n    at async Object.run (C:\\Users\\dccpl\\source\\wdio-e2e\\wdio-cucumber-e2e-test-master\\node_modules\\@cucumber\\cucumber\\src\\user_code_runner.ts:86:16)\n    at async Object.run (C:\\Users\\dccpl\\source\\wdio-e2e\\wdio-cucumber-e2e-test-master\\node_modules\\@cucumber\\cucumber\\src\\runtime\\step_runner.ts:50:20)\n    at async TestCaseRunner.invokeStep (C:\\Users\\dccpl\\source\\wdio-e2e\\wdio-cucumber-e2e-test-master\\node_modules\\@cucumber\\cucumber\\src\\runtime\\test_case_runner.ts:137:12)\n    at async TestCaseRunner.runStep (C:\\Users\\dccpl\\source\\wdio-e2e\\wdio-cucumber-e2e-test-master\\node_modules\\@cucumber\\cucumber\\src\\runtime\\test_case_runner.ts:334:20)\n    at async C:\\Users\\dccpl\\source\\wdio-e2e\\wdio-cucumber-e2e-test-master\\node_modules\\@cucumber\\cucumber\\src\\runtime\\test_case_runner.ts:240:34\n    at async TestCaseRunner.aroundTestStep (C:\\Users\\dccpl\\source\\wdio-e2e\\wdio-cucumber-e2e-test-master\\node_modules\\@cucumber\\cucumber\\src\\runtime\\test_case_runner.ts:170:28)\n    at async TestCaseRunner.runAttempt (C:\\Users\\dccpl\\source\\wdio-e2e\\wdio-cucumber-e2e-test-master\\node_modules\\@cucumber\\cucumber\\src\\runtime\\test_case_runner.ts:218:7)\n    at async TestCaseRunner.run (C:\\Users\\dccpl\\source\\wdio-e2e\\wdio-cucumber-e2e-test-master\\node_modules\\@cucumber\\cucumber\\src\\runtime\\test_case_runner.ts:188:29)\n    at async Runtime.runTestCase (C:\\Users\\dccpl\\source\\wdio-e2e\\wdio-cucumber-e2e-test-master\\node_modules\\@cucumber\\cucumber\\src\\runtime\\index.ts:89:20)\n    at async Runtime.start (C:\\Users\\dccpl\\source\\wdio-e2e\\wdio-cucumber-e2e-test-master\\node_modules\\@cucumber\\cucumber\\src\\runtime\\index.ts:116:7)\n    at async runCucumber (C:\\Users\\dccpl\\source\\wdio-e2e\\wdio-cucumber-e2e-test-master\\node_modules\\@cucumber\\cucumber\\src\\api\\run_cucumber.ts:125:19)\n    at async CucumberAdapter.run (file:///C:/Users/dccpl/source/wdio-e2e/wdio-cucumber-e2e-test-master/node_modules/@wdio/cucumber-framework/build/index.js:188:33)\n    at async Runner.run (file:///C:/Users/dccpl/source/wdio-e2e/wdio-cucumber-e2e-test-master/node_modules/@wdio/runner/build/index.js:157:24)","flaky":false,"newFailed":false,"newBroken":false,"newPassed":false,"retriesCount":0,"retriesStatusChange":false,"beforeStages":[],"testStage":{"status":"failed","statusMessage":"AssertionError: Transaction Failed expected 2000 to equal 3000","statusTrace":"AssertionError: Transaction Failed expected 2000 to equal 3000\n    at World.<anonymous> (file:///C:/Users/dccpl/source/wdio-e2e/wdio-cucumber-e2e-test-master/test/features/step-definitions/componentIssue.ts:133:15)\n    at processTicksAndRejections (node:internal/process/task_queues:95:5)\n    at async wrapPromiseWithTimeout (C:\\Users\\dccpl\\source\\wdio-e2e\\wdio-cucumber-e2e-test-master\\node_modules\\@cucumber\\cucumber\\src\\time.ts:55:10)\n    at async Object.run (C:\\Users\\dccpl\\source\\wdio-e2e\\wdio-cucumber-e2e-test-master\\node_modules\\@cucumber\\cucumber\\src\\user_code_runner.ts:86:16)\n    at async Object.run (C:\\Users\\dccpl\\source\\wdio-e2e\\wdio-cucumber-e2e-test-master\\node_modules\\@cucumber\\cucumber\\src\\runtime\\step_runner.ts:50:20)\n    at async TestCaseRunner.invokeStep (C:\\Users\\dccpl\\source\\wdio-e2e\\wdio-cucumber-e2e-test-master\\node_modules\\@cucumber\\cucumber\\src\\runtime\\test_case_runner.ts:137:12)\n    at async TestCaseRunner.runStep (C:\\Users\\dccpl\\source\\wdio-e2e\\wdio-cucumber-e2e-test-master\\node_modules\\@cucumber\\cucumber\\src\\runtime\\test_case_runner.ts:334:20)\n    at async C:\\Users\\dccpl\\source\\wdio-e2e\\wdio-cucumber-e2e-test-master\\node_modules\\@cucumber\\cucumber\\src\\runtime\\test_case_runner.ts:240:34\n    at async TestCaseRunner.aroundTestStep (C:\\Users\\dccpl\\source\\wdio-e2e\\wdio-cucumber-e2e-test-master\\node_modules\\@cucumber\\cucumber\\src\\runtime\\test_case_runner.ts:170:28)\n    at async TestCaseRunner.runAttempt (C:\\Users\\dccpl\\source\\wdio-e2e\\wdio-cucumber-e2e-test-master\\node_modules\\@cucumber\\cucumber\\src\\runtime\\test_case_runner.ts:218:7)\n    at async TestCaseRunner.run (C:\\Users\\dccpl\\source\\wdio-e2e\\wdio-cucumber-e2e-test-master\\node_modules\\@cucumber\\cucumber\\src\\runtime\\test_case_runner.ts:188:29)\n    at async Runtime.runTestCase (C:\\Users\\dccpl\\source\\wdio-e2e\\wdio-cucumber-e2e-test-master\\node_modules\\@cucumber\\cucumber\\src\\runtime\\index.ts:89:20)\n    at async Runtime.start (C:\\Users\\dccpl\\source\\wdio-e2e\\wdio-cucumber-e2e-test-master\\node_modules\\@cucumber\\cucumber\\src\\runtime\\index.ts:116:7)\n    at async runCucumber (C:\\Users\\dccpl\\source\\wdio-e2e\\wdio-cucumber-e2e-test-master\\node_modules\\@cucumber\\cucumber\\src\\api\\run_cucumber.ts:125:19)\n    at async CucumberAdapter.run (file:///C:/Users/dccpl/source/wdio-e2e/wdio-cucumber-e2e-test-master/node_modules/@wdio/cucumber-framework/build/index.js:188:33)\n    at async Runner.run (file:///C:/Users/dccpl/source/wdio-e2e/wdio-cucumber-e2e-test-master/node_modules/@wdio/runner/build/index.js:157:24)","steps":[{"name":"Given Go to Component Issue screen.","time":{"start":1732793185770,"stop":1732793187208,"duration":1438},"status":"passed","steps":[],"attachments":[],"parameters":[],"shouldDisplayMessage":false,"attachmentsCount":0,"stepsCount":0,"attachmentStep":false,"hasContent":false},{"name":"When Scan the BFG1167 for details in Component Issue screen.","time":{"start":1732793187208,"stop":1732793188216,"duration":1008},"status":"passed","steps":[],"attachments":[],"parameters":[],"shouldDisplayMessage":false,"attachmentsCount":0,"stepsCount":0,"attachmentStep":false,"hasContent":false},{"name":"When Select the row in the grid with Issue Control as Serialized.","time":{"start":1732793188216,"stop":1732793189006,"duration":790},"status":"passed","steps":[],"attachments":[],"parameters":[],"shouldDisplayMessage":false,"attachmentsCount":0,"stepsCount":0,"attachmentStep":false,"hasContent":false},{"name":"When Enter the Serialized Component RouteCard BFG1168 input in the Component Issue screen.","time":{"start":1732793189006,"stop":1732793191863,"duration":2857},"status":"passed","steps":[],"attachments":[],"parameters":[],"shouldDisplayMessage":false,"attachmentsCount":0,"stepsCount":0,"attachmentStep":false,"hasContent":false},{"name":"Then Required Qty should be equal to Component Route Card Qty.","time":{"start":1732793191863,"stop":1732793192456,"duration":593},"status":"failed","statusMessage":"AssertionError: Transaction Failed expected 2000 to equal 3000","statusTrace":"AssertionError: Transaction Failed expected 2000 to equal 3000\n    at World.<anonymous> (file:///C:/Users/dccpl/source/wdio-e2e/wdio-cucumber-e2e-test-master/test/features/step-definitions/componentIssue.ts:133:15)\n    at processTicksAndRejections (node:internal/process/task_queues:95:5)\n    at async wrapPromiseWithTimeout (C:\\Users\\dccpl\\source\\wdio-e2e\\wdio-cucumber-e2e-test-master\\node_modules\\@cucumber\\cucumber\\src\\time.ts:55:10)\n    at async Object.run (C:\\Users\\dccpl\\source\\wdio-e2e\\wdio-cucumber-e2e-test-master\\node_modules\\@cucumber\\cucumber\\src\\user_code_runner.ts:86:16)\n    at async Object.run (C:\\Users\\dccpl\\source\\wdio-e2e\\wdio-cucumber-e2e-test-master\\node_modules\\@cucumber\\cucumber\\src\\runtime\\step_runner.ts:50:20)\n    at async TestCaseRunner.invokeStep (C:\\Users\\dccpl\\source\\wdio-e2e\\wdio-cucumber-e2e-test-master\\node_modules\\@cucumber\\cucumber\\src\\runtime\\test_case_runner.ts:137:12)\n    at async TestCaseRunner.runStep (C:\\Users\\dccpl\\source\\wdio-e2e\\wdio-cucumber-e2e-test-master\\node_modules\\@cucumber\\cucumber\\src\\runtime\\test_case_runner.ts:334:20)\n    at async C:\\Users\\dccpl\\source\\wdio-e2e\\wdio-cucumber-e2e-test-master\\node_modules\\@cucumber\\cucumber\\src\\runtime\\test_case_runner.ts:240:34\n    at async TestCaseRunner.aroundTestStep (C:\\Users\\dccpl\\source\\wdio-e2e\\wdio-cucumber-e2e-test-master\\node_modules\\@cucumber\\cucumber\\src\\runtime\\test_case_runner.ts:170:28)\n    at async TestCaseRunner.runAttempt (C:\\Users\\dccpl\\source\\wdio-e2e\\wdio-cucumber-e2e-test-master\\node_modules\\@cucumber\\cucumber\\src\\runtime\\test_case_runner.ts:218:7)\n    at async TestCaseRunner.run (C:\\Users\\dccpl\\source\\wdio-e2e\\wdio-cucumber-e2e-test-master\\node_modules\\@cucumber\\cucumber\\src\\runtime\\test_case_runner.ts:188:29)\n    at async Runtime.runTestCase (C:\\Users\\dccpl\\source\\wdio-e2e\\wdio-cucumber-e2e-test-master\\node_modules\\@cucumber\\cucumber\\src\\runtime\\index.ts:89:20)\n    at async Runtime.start (C:\\Users\\dccpl\\source\\wdio-e2e\\wdio-cucumber-e2e-test-master\\node_modules\\@cucumber\\cucumber\\src\\runtime\\index.ts:116:7)\n    at async runCucumber (C:\\Users\\dccpl\\source\\wdio-e2e\\wdio-cucumber-e2e-test-master\\node_modules\\@cucumber\\cucumber\\src\\api\\run_cucumber.ts:125:19)\n    at async CucumberAdapter.run (file:///C:/Users/dccpl/source/wdio-e2e/wdio-cucumber-e2e-test-master/node_modules/@wdio/cucumber-framework/build/index.js:188:33)\n    at async Runner.run (file:///C:/Users/dccpl/source/wdio-e2e/wdio-cucumber-e2e-test-master/node_modules/@wdio/runner/build/index.js:157:24)","steps":[],"attachments":[{"uid":"7e3a4f0e37baf8ab","name":"Screenshot","source":"7e3a4f0e37baf8ab.png","type":"image/png","size":63311}],"parameters":[],"shouldDisplayMessage":true,"attachmentsCount":1,"stepsCount":0,"attachmentStep":false,"hasContent":true},{"name":"When Click on the Issue Difference Reason Replace Component in in the Component Issue screen.","time":{"start":1732793192456,"stop":1732793192457,"duration":1},"status":"skipped","steps":[],"attachments":[],"parameters":[],"shouldDisplayMessage":false,"attachmentsCount":0,"stepsCount":0,"attachmentStep":false,"hasContent":false},{"name":"When Click on submit button in the Component Issue screen.","time":{"start":1732793192457,"stop":1732793192457,"duration":0},"status":"skipped","steps":[],"attachments":[],"parameters":[],"shouldDisplayMessage":false,"attachmentsCount":0,"stepsCount":0,"attachmentStep":false,"hasContent":false},{"name":"Then \"Component issued\" should confirm the Component Issue transaction.","time":{"start":1732793192457,"stop":1732793192457,"duration":0},"status":"skipped","steps":[],"attachments":[],"parameters":[],"shouldDisplayMessage":false,"attachmentsCount":0,"stepsCount":0,"attachmentStep":false,"hasContent":false}],"attachments":[],"parameters":[],"shouldDisplayMessage":false,"attachmentsCount":1,"stepsCount":8,"attachmentStep":false,"hasContent":true},"afterStages":[],"labels":[{"name":"language","value":"javascript"},{"name":"framework","value":"wdio"},{"name":"package","value":"C:.Users.dccpl.source.wdio-e2e.wdio-cucumber-e2e-test-master.test.features.demo.componentIssue.feature"},{"name":"thread","value":"0-25"},{"name":"suite","value":"Component Issue Transaction."},{"name":"feature","value":"Component Issue Transaction."},{"name":"resultFormat","value":"allure2"}],"parameters":[{"name":"browser","value":"chrome-131.0.6778.86"}],"links":[],"hidden":false,"retry":false,"extra":{"severity":"normal","retries":[],"categories":[{"name":"Product defects","matchedStatuses":[],"flaky":false}],"tags":[]},"source":"988bf07d40c689f2.json","parameterValues":["chrome-131.0.6778.86"]}