{"uid":"c0d4313148bfc5e8","name":"Run Split qty transaction with checking Generate Names checkbox and with same Quantity.","historyId":"2e575193486a360afb68ea4864615751","time":{"start":1732793158922,"stop":1732793163771,"duration":4849},"status":"failed","statusMessage":"AssertionError: Something Wrong Happened element click intercepted: Element <span class=\"MuiTypography-root MuiTypography-body1 MuiListItemText-primary css-yb0lig\">...</span> is not clickable at point (93, 468). Other element would receive the click: <div class=\"swal2-container swal2-center swal2-backdrop-show\" style=\"overflow-y: auto;\">...</div>","statusTrace":"AssertionError: Something Wrong Happened element click intercepted: Element <span class=\"MuiTypography-root MuiTypography-body1 MuiListItemText-primary css-yb0lig\">...</span> is not clickable at point (93, 468). Other element would receive the click: <div class=\"swal2-container swal2-center swal2-backdrop-show\" style=\"overflow-y: auto;\">...</div>\n  (Session info: chrome=131.0.6778.86)\n    at World.<anonymous> (file:///C:/Users/dccpl/source/wdio-e2e/wdio-cucumber-e2e-test-master/test/features/step-definitions/splitQty.ts:12:15)\n    at processTicksAndRejections (node:internal/process/task_queues:95:5)\n    at async wrapPromiseWithTimeout (C:\\Users\\dccpl\\source\\wdio-e2e\\wdio-cucumber-e2e-test-master\\node_modules\\@cucumber\\cucumber\\src\\time.ts:55:10)\n    at async Object.run (C:\\Users\\dccpl\\source\\wdio-e2e\\wdio-cucumber-e2e-test-master\\node_modules\\@cucumber\\cucumber\\src\\user_code_runner.ts:86:16)\n    at async Object.run (C:\\Users\\dccpl\\source\\wdio-e2e\\wdio-cucumber-e2e-test-master\\node_modules\\@cucumber\\cucumber\\src\\runtime\\step_runner.ts:50:20)\n    at async TestCaseRunner.invokeStep (C:\\Users\\dccpl\\source\\wdio-e2e\\wdio-cucumber-e2e-test-master\\node_modules\\@cucumber\\cucumber\\src\\runtime\\test_case_runner.ts:137:12)\n    at async TestCaseRunner.runStep (C:\\Users\\dccpl\\source\\wdio-e2e\\wdio-cucumber-e2e-test-master\\node_modules\\@cucumber\\cucumber\\src\\runtime\\test_case_runner.ts:334:20)\n    at async C:\\Users\\dccpl\\source\\wdio-e2e\\wdio-cucumber-e2e-test-master\\node_modules\\@cucumber\\cucumber\\src\\runtime\\test_case_runner.ts:240:34\n    at async TestCaseRunner.aroundTestStep (C:\\Users\\dccpl\\source\\wdio-e2e\\wdio-cucumber-e2e-test-master\\node_modules\\@cucumber\\cucumber\\src\\runtime\\test_case_runner.ts:170:28)\n    at async TestCaseRunner.runAttempt (C:\\Users\\dccpl\\source\\wdio-e2e\\wdio-cucumber-e2e-test-master\\node_modules\\@cucumber\\cucumber\\src\\runtime\\test_case_runner.ts:218:7)\n    at async TestCaseRunner.run (C:\\Users\\dccpl\\source\\wdio-e2e\\wdio-cucumber-e2e-test-master\\node_modules\\@cucumber\\cucumber\\src\\runtime\\test_case_runner.ts:188:29)\n    at async Runtime.runTestCase (C:\\Users\\dccpl\\source\\wdio-e2e\\wdio-cucumber-e2e-test-master\\node_modules\\@cucumber\\cucumber\\src\\runtime\\index.ts:89:20)\n    at async Runtime.start (C:\\Users\\dccpl\\source\\wdio-e2e\\wdio-cucumber-e2e-test-master\\node_modules\\@cucumber\\cucumber\\src\\runtime\\index.ts:116:7)\n    at async runCucumber (C:\\Users\\dccpl\\source\\wdio-e2e\\wdio-cucumber-e2e-test-master\\node_modules\\@cucumber\\cucumber\\src\\api\\run_cucumber.ts:125:19)\n    at async CucumberAdapter.run (file:///C:/Users/dccpl/source/wdio-e2e/wdio-cucumber-e2e-test-master/node_modules/@wdio/cucumber-framework/build/index.js:188:33)\n    at async Runner.run (file:///C:/Users/dccpl/source/wdio-e2e/wdio-cucumber-e2e-test-master/node_modules/@wdio/runner/build/index.js:157:24)","flaky":false,"newFailed":false,"newBroken":false,"newPassed":false,"retriesCount":1,"retriesStatusChange":false,"beforeStages":[],"testStage":{"status":"failed","statusMessage":"AssertionError: Something Wrong Happened element click intercepted: Element <span class=\"MuiTypography-root MuiTypography-body1 MuiListItemText-primary css-yb0lig\">...</span> is not clickable at point (93, 468). Other element would receive the click: <div class=\"swal2-container swal2-center swal2-backdrop-show\" style=\"overflow-y: auto;\">...</div>","statusTrace":"AssertionError: Something Wrong Happened element click intercepted: Element <span class=\"MuiTypography-root MuiTypography-body1 MuiListItemText-primary css-yb0lig\">...</span> is not clickable at point (93, 468). Other element would receive the click: <div class=\"swal2-container swal2-center swal2-backdrop-show\" style=\"overflow-y: auto;\">...</div>\n  (Session info: chrome=131.0.6778.86)\n    at World.<anonymous> (file:///C:/Users/dccpl/source/wdio-e2e/wdio-cucumber-e2e-test-master/test/features/step-definitions/splitQty.ts:12:15)\n    at processTicksAndRejections (node:internal/process/task_queues:95:5)\n    at async wrapPromiseWithTimeout (C:\\Users\\dccpl\\source\\wdio-e2e\\wdio-cucumber-e2e-test-master\\node_modules\\@cucumber\\cucumber\\src\\time.ts:55:10)\n    at async Object.run (C:\\Users\\dccpl\\source\\wdio-e2e\\wdio-cucumber-e2e-test-master\\node_modules\\@cucumber\\cucumber\\src\\user_code_runner.ts:86:16)\n    at async Object.run (C:\\Users\\dccpl\\source\\wdio-e2e\\wdio-cucumber-e2e-test-master\\node_modules\\@cucumber\\cucumber\\src\\runtime\\step_runner.ts:50:20)\n    at async TestCaseRunner.invokeStep (C:\\Users\\dccpl\\source\\wdio-e2e\\wdio-cucumber-e2e-test-master\\node_modules\\@cucumber\\cucumber\\src\\runtime\\test_case_runner.ts:137:12)\n    at async TestCaseRunner.runStep (C:\\Users\\dccpl\\source\\wdio-e2e\\wdio-cucumber-e2e-test-master\\node_modules\\@cucumber\\cucumber\\src\\runtime\\test_case_runner.ts:334:20)\n    at async C:\\Users\\dccpl\\source\\wdio-e2e\\wdio-cucumber-e2e-test-master\\node_modules\\@cucumber\\cucumber\\src\\runtime\\test_case_runner.ts:240:34\n    at async TestCaseRunner.aroundTestStep (C:\\Users\\dccpl\\source\\wdio-e2e\\wdio-cucumber-e2e-test-master\\node_modules\\@cucumber\\cucumber\\src\\runtime\\test_case_runner.ts:170:28)\n    at async TestCaseRunner.runAttempt (C:\\Users\\dccpl\\source\\wdio-e2e\\wdio-cucumber-e2e-test-master\\node_modules\\@cucumber\\cucumber\\src\\runtime\\test_case_runner.ts:218:7)\n    at async TestCaseRunner.run (C:\\Users\\dccpl\\source\\wdio-e2e\\wdio-cucumber-e2e-test-master\\node_modules\\@cucumber\\cucumber\\src\\runtime\\test_case_runner.ts:188:29)\n    at async Runtime.runTestCase (C:\\Users\\dccpl\\source\\wdio-e2e\\wdio-cucumber-e2e-test-master\\node_modules\\@cucumber\\cucumber\\src\\runtime\\index.ts:89:20)\n    at async Runtime.start (C:\\Users\\dccpl\\source\\wdio-e2e\\wdio-cucumber-e2e-test-master\\node_modules\\@cucumber\\cucumber\\src\\runtime\\index.ts:116:7)\n    at async runCucumber (C:\\Users\\dccpl\\source\\wdio-e2e\\wdio-cucumber-e2e-test-master\\node_modules\\@cucumber\\cucumber\\src\\api\\run_cucumber.ts:125:19)\n    at async CucumberAdapter.run (file:///C:/Users/dccpl/source/wdio-e2e/wdio-cucumber-e2e-test-master/node_modules/@wdio/cucumber-framework/build/index.js:188:33)\n    at async Runner.run (file:///C:/Users/dccpl/source/wdio-e2e/wdio-cucumber-e2e-test-master/node_modules/@wdio/runner/build/index.js:157:24)","steps":[{"name":"Given Go to Split Qty Transaction screen.","time":{"start":1732793158923,"stop":1732793163769,"duration":4846},"status":"failed","statusMessage":"AssertionError: Something Wrong Happened element click intercepted: Element <span class=\"MuiTypography-root MuiTypography-body1 MuiListItemText-primary css-yb0lig\">...</span> is not clickable at point (93, 468). Other element would receive the click: <div class=\"swal2-container swal2-center swal2-backdrop-show\" style=\"overflow-y: auto;\">...</div>","statusTrace":"AssertionError: Something Wrong Happened element click intercepted: Element <span class=\"MuiTypography-root MuiTypography-body1 MuiListItemText-primary css-yb0lig\">...</span> is not clickable at point (93, 468). Other element would receive the click: <div class=\"swal2-container swal2-center swal2-backdrop-show\" style=\"overflow-y: auto;\">...</div>\n  (Session info: chrome=131.0.6778.86)\n    at World.<anonymous> (file:///C:/Users/dccpl/source/wdio-e2e/wdio-cucumber-e2e-test-master/test/features/step-definitions/splitQty.ts:12:15)\n    at processTicksAndRejections (node:internal/process/task_queues:95:5)\n    at async wrapPromiseWithTimeout (C:\\Users\\dccpl\\source\\wdio-e2e\\wdio-cucumber-e2e-test-master\\node_modules\\@cucumber\\cucumber\\src\\time.ts:55:10)\n    at async Object.run (C:\\Users\\dccpl\\source\\wdio-e2e\\wdio-cucumber-e2e-test-master\\node_modules\\@cucumber\\cucumber\\src\\user_code_runner.ts:86:16)\n    at async Object.run (C:\\Users\\dccpl\\source\\wdio-e2e\\wdio-cucumber-e2e-test-master\\node_modules\\@cucumber\\cucumber\\src\\runtime\\step_runner.ts:50:20)\n    at async TestCaseRunner.invokeStep (C:\\Users\\dccpl\\source\\wdio-e2e\\wdio-cucumber-e2e-test-master\\node_modules\\@cucumber\\cucumber\\src\\runtime\\test_case_runner.ts:137:12)\n    at async TestCaseRunner.runStep (C:\\Users\\dccpl\\source\\wdio-e2e\\wdio-cucumber-e2e-test-master\\node_modules\\@cucumber\\cucumber\\src\\runtime\\test_case_runner.ts:334:20)\n    at async C:\\Users\\dccpl\\source\\wdio-e2e\\wdio-cucumber-e2e-test-master\\node_modules\\@cucumber\\cucumber\\src\\runtime\\test_case_runner.ts:240:34\n    at async TestCaseRunner.aroundTestStep (C:\\Users\\dccpl\\source\\wdio-e2e\\wdio-cucumber-e2e-test-master\\node_modules\\@cucumber\\cucumber\\src\\runtime\\test_case_runner.ts:170:28)\n    at async TestCaseRunner.runAttempt (C:\\Users\\dccpl\\source\\wdio-e2e\\wdio-cucumber-e2e-test-master\\node_modules\\@cucumber\\cucumber\\src\\runtime\\test_case_runner.ts:218:7)\n    at async TestCaseRunner.run (C:\\Users\\dccpl\\source\\wdio-e2e\\wdio-cucumber-e2e-test-master\\node_modules\\@cucumber\\cucumber\\src\\runtime\\test_case_runner.ts:188:29)\n    at async Runtime.runTestCase (C:\\Users\\dccpl\\source\\wdio-e2e\\wdio-cucumber-e2e-test-master\\node_modules\\@cucumber\\cucumber\\src\\runtime\\index.ts:89:20)\n    at async Runtime.start (C:\\Users\\dccpl\\source\\wdio-e2e\\wdio-cucumber-e2e-test-master\\node_modules\\@cucumber\\cucumber\\src\\runtime\\index.ts:116:7)\n    at async runCucumber (C:\\Users\\dccpl\\source\\wdio-e2e\\wdio-cucumber-e2e-test-master\\node_modules\\@cucumber\\cucumber\\src\\api\\run_cucumber.ts:125:19)\n    at async CucumberAdapter.run (file:///C:/Users/dccpl/source/wdio-e2e/wdio-cucumber-e2e-test-master/node_modules/@wdio/cucumber-framework/build/index.js:188:33)\n    at async Runner.run (file:///C:/Users/dccpl/source/wdio-e2e/wdio-cucumber-e2e-test-master/node_modules/@wdio/runner/build/index.js:157:24)","steps":[],"attachments":[{"uid":"431e9d8acee9a051","name":"Screenshot","source":"431e9d8acee9a051.png","type":"image/png","size":32998}],"parameters":[],"shouldDisplayMessage":true,"attachmentsCount":1,"stepsCount":0,"attachmentStep":false,"hasContent":true},{"name":"When Scan the RMS33441 for details in the Split Qty Transaction screen.","time":{"start":1732793163769,"stop":1732793163769,"duration":0},"status":"skipped","steps":[],"attachments":[],"parameters":[],"shouldDisplayMessage":false,"attachmentsCount":0,"stepsCount":0,"attachmentStep":false,"hasContent":false},{"name":"When Click on the Add Row button.","time":{"start":1732793163769,"stop":1732793163769,"duration":0},"status":"skipped","steps":[],"attachments":[],"parameters":[],"shouldDisplayMessage":false,"attachmentsCount":0,"stepsCount":0,"attachmentStep":false,"hasContent":false},{"name":"When Enter the Qty 100 in Split Qty Transaction screen.","time":{"start":1732793163770,"stop":1732793163770,"duration":0},"status":"skipped","steps":[],"attachments":[],"parameters":[],"shouldDisplayMessage":false,"attachmentsCount":0,"stepsCount":0,"attachmentStep":false,"hasContent":false},{"name":"When Check on the Generate Names Automatically checkbox.","time":{"start":1732793163770,"stop":1732793163770,"duration":0},"status":"skipped","steps":[],"attachments":[],"parameters":[],"shouldDisplayMessage":false,"attachmentsCount":0,"stepsCount":0,"attachmentStep":false,"hasContent":false},{"name":"When Click on the submit button in the Split Qty Transaction screen.","time":{"start":1732793163770,"stop":1732793163770,"duration":0},"status":"skipped","steps":[],"attachments":[],"parameters":[],"shouldDisplayMessage":false,"attachmentsCount":0,"stepsCount":0,"attachmentStep":false,"hasContent":false},{"name":"Then \"Numbering Rule is not configured.\" should come as validation error alert.","time":{"start":1732793163770,"stop":1732793163770,"duration":0},"status":"skipped","steps":[],"attachments":[],"parameters":[],"shouldDisplayMessage":false,"attachmentsCount":0,"stepsCount":0,"attachmentStep":false,"hasContent":false}],"attachments":[],"parameters":[],"shouldDisplayMessage":false,"attachmentsCount":1,"stepsCount":7,"attachmentStep":false,"hasContent":true},"afterStages":[],"labels":[{"name":"language","value":"javascript"},{"name":"framework","value":"wdio"},{"name":"package","value":"C:.Users.dccpl.source.wdio-e2e.wdio-cucumber-e2e-test-master.test.features.demo.SplitQty.feature"},{"name":"thread","value":"0-22"},{"name":"suite","value":"Split Qty Transaction"},{"name":"feature","value":"Split Qty Transaction"},{"name":"resultFormat","value":"allure2"}],"parameters":[{"name":"browser","value":"chrome-131.0.6778.86"}],"links":[],"hidden":false,"retry":false,"extra":{"severity":"normal","retries":[{"uid":"f6cd17b9bf35e24","status":"failed","statusDetails":"AssertionError: Transaction Failed Can't call getText on element with selector \"//*[contains(text(),'Split successfully')]\" because element wasn't found","time":{"start":1732793138287,"stop":1732793158919,"duration":20632}}],"categories":[{"name":"Product defects","matchedStatuses":[],"flaky":false}],"tags":[]},"source":"c0d4313148bfc5e8.json","parameterValues":["chrome-131.0.6778.86"]}